#
# There is insufficient memory for the Java Runtime Environment to continue.
# Native memory allocation (mmap) failed to map 264241152 bytes for Failed to commit area from 0x0000000704800000 to 0x0000000714400000 of length 264241152.
# Possible reasons:
#   The system is out of physical RAM or swap space
#   The process is running with CompressedOops enabled, and the Java Heap may be blocking the growth of the native heap
# Possible solutions:
#   Reduce memory load on the system
#   Increase physical memory or swap space
#   Check if swap backing store is full
#   Decrease Java heap size (-Xmx/-Xms)
#   Decrease number of Java threads
#   Decrease Java thread stack sizes (-Xss)
#   Set larger code cache with -XX:ReservedCodeCacheSize=
# This output file may be truncated or incomplete.
#
#  Out of Memory Error (./src/hotspot/os/windows/os_windows.cpp:3619), pid=18936, tid=35624
#
# JRE version:  (11.0.13) (build )
# Java VM: OpenJDK 64-Bit Server VM (11.0.13+0-b1751.21-8125866, mixed mode, sharing, tiered, compressed oops, g1 gc, windows-amd64)
# No core dump will be written. Minidumps are not enabled by default on client versions of Windows
#

---------------  S U M M A R Y ------------

Command Line: git4idea.http.GitAskPassApp Username for 'https://github.com': 

Host: 12th Gen Intel(R) Core(TM) i9-12900H, 20 cores, 15G,  Windows 11 , 64 bit Build 22621 (10.0.22621.3672)
Time: Tue Jun 25 22:42:46 2024 대한민국 표준시 elapsed time: 0.010911 seconds (0d 0h 0m 0s)

---------------  T H R E A D  ---------------

Current thread (0x000001dca3ec2800):  JavaThread "Unknown thread" [_thread_in_vm, id=35624, stack(0x0000008dee000000,0x0000008dee100000)]

Stack: [0x0000008dee000000,0x0000008dee100000]
Native frames: (J=compiled Java code, j=interpreted, Vv=VM code, C=native code)
V  [jvm.dll+0x6100fa]
V  [jvm.dll+0x747090]
V  [jvm.dll+0x7486ad]
V  [jvm.dll+0x748d83]
V  [jvm.dll+0x24ab48]
V  [jvm.dll+0x60d164]
V  [jvm.dll+0x601e75]
V  [jvm.dll+0x308bdb]
V  [jvm.dll+0x308b4a]
V  [jvm.dll+0x308a22]
V  [jvm.dll+0x30d986]
V  [jvm.dll+0x357093]
V  [jvm.dll+0x357796]
V  [jvm.dll+0x357193]
V  [jvm.dll+0x2e3448]
V  [jvm.dll+0x2e45f7]
V  [jvm.dll+0x7242e7]
V  [jvm.dll+0x725adc]
V  [jvm.dll+0x364629]
V  [jvm.dll+0x707cee]
V  [jvm.dll+0x3d2633]
V  [jvm.dll+0x3d4a21]
C  [jli.dll+0x536b]
C  [ucrtbase.dll+0x29333]
C  [KERNEL32.DLL+0x1257d]
C  [ntdll.dll+0x5af28]


---------------  P R O C E S S  ---------------

Threads class SMR info:
_java_thread_list=0x000001dca1bc6af0, length=0, elements={
}

Java Threads: ( => current thread )

Other Threads:
  0x000001dca3edc000 GCTaskThread "GC Thread#0" [stack: 0x0000008dee100000,0x0000008dee200000] [id=5000]
  0x000001dca3f37000 ConcurrentGCThread "G1 Main Marker" [stack: 0x0000008dee200000,0x0000008dee300000] [id=8536]
  0x000001dca3f38800 ConcurrentGCThread "G1 Conc#0" [stack: 0x0000008dee300000,0x0000008dee400000] [id=49456]

[error occurred during error reporting (printing all threads), id 0xc0000005, EXCEPTION_ACCESS_VIOLATION (0xc0000005) at pc=0x00007fffbcfb3dd7]

VM state:not at safepoint (not fully initialized)

VM Mutex/Monitor currently owned by a thread:  ([mutex/lock_event])
[0x000001dca3ebfee0] Heap_lock - owner thread: 0x000001dca3ec2800

Heap address: 0x0000000704800000, size: 4024 MB, Compressed Oops mode: Non-zero based: 0x0000000704800000
Narrow klass base: 0x0000000000000000, Narrow klass shift: 0

GC Heap History (0 events):
No events

Deoptimization events (0 events):
No events

Classes redefined (0 events):
No events

Internal exceptions (0 events):
No events

Events (1 events):
Event: 0.006 Loaded shared library C:\Program Files\Android\Android Studio\jre\bin\zip.dll


Dynamic libraries:
0x00007ff638800000 - 0x00007ff63880a000 	C:\Program Files\Android\Android Studio\jre\bin\java.exe
0x00007ff85cd70000 - 0x00007ff85cf87000 	C:\WINDOWS\SYSTEM32\ntdll.dll
0x00007ff85bca0000 - 0x00007ff85bd64000 	C:\WINDOWS\System32\KERNEL32.DLL
0x00007ff85a0d0000 - 0x00007ff85a47c000 	C:\WINDOWS\System32\KERNELBASE.dll
0x00007ff85a8f0000 - 0x00007ff85aa01000 	C:\WINDOWS\System32\ucrtbase.dll
0x00007ff836b80000 - 0x00007ff836b99000 	C:\Program Files\Android\Android Studio\jre\bin\jli.dll
0x00007ff83a5d0000 - 0x00007ff83a5e7000 	C:\Program Files\Android\Android Studio\jre\bin\VCRUNTIME140.dll
0x00007ff85c040000 - 0x00007ff85c1ee000 	C:\WINDOWS\System32\USER32.dll
0x00007ff85a480000 - 0x00007ff85a4a6000 	C:\WINDOWS\System32\win32u.dll
0x00007ff85ca80000 - 0x00007ff85caa9000 	C:\WINDOWS\System32\GDI32.dll
0x00007ff85a5a0000 - 0x00007ff85a6b9000 	C:\WINDOWS\System32\gdi32full.dll
0x00007ff83cba0000 - 0x00007ff83ce33000 	C:\WINDOWS\WinSxS\amd64_microsoft.windows.common-controls_6595b64144ccf1df_6.0.22621.3672_none_2713b9d173822955\COMCTL32.dll
0x00007ff85aa10000 - 0x00007ff85aaaa000 	C:\WINDOWS\System32\msvcp_win.dll
0x00007ff85ba90000 - 0x00007ff85bb37000 	C:\WINDOWS\System32\msvcrt.dll
0x00007ff85cab0000 - 0x00007ff85cae1000 	C:\WINDOWS\System32\IMM32.DLL
0x00007ff80d9d0000 - 0x00007ff80da6d000 	C:\Program Files\Android\Android Studio\jre\bin\msvcp140.dll
0x00007fffbccc0000 - 0x00007fffbd7c2000 	C:\Program Files\Android\Android Studio\jre\bin\server\jvm.dll
0x00007ff85bd70000 - 0x00007ff85be22000 	C:\WINDOWS\System32\ADVAPI32.dll
0x00007ff85cbc0000 - 0x00007ff85cc6a000 	C:\WINDOWS\System32\sechost.dll
0x00007ff85a0a0000 - 0x00007ff85a0c8000 	C:\WINDOWS\System32\bcrypt.dll
0x00007ff85b450000 - 0x00007ff85b565000 	C:\WINDOWS\System32\RPCRT4.dll
0x00007ff85ba80000 - 0x00007ff85ba88000 	C:\WINDOWS\System32\PSAPI.DLL
0x00007ff854080000 - 0x00007ff8540b4000 	C:\WINDOWS\SYSTEM32\WINMM.dll
0x00007ff84f720000 - 0x00007ff84f729000 	C:\WINDOWS\SYSTEM32\WSOCK32.dll
0x00007ff85abc0000 - 0x00007ff85ac31000 	C:\WINDOWS\System32\WS2_32.dll
0x00007ff851380000 - 0x00007ff85138a000 	C:\WINDOWS\SYSTEM32\VERSION.dll
0x00007ff859120000 - 0x00007ff859138000 	C:\WINDOWS\SYSTEM32\kernel.appcore.dll
0x00007ff854240000 - 0x00007ff854251000 	C:\Program Files\Android\Android Studio\jre\bin\verify.dll
0x00007ff857970000 - 0x00007ff857ba2000 	C:\WINDOWS\SYSTEM32\DBGHELP.DLL
0x00007ff85b570000 - 0x00007ff85b8f8000 	C:\WINDOWS\System32\combase.dll
0x00007ff85ad40000 - 0x00007ff85ae17000 	C:\WINDOWS\System32\OLEAUT32.dll
0x00007ff836f10000 - 0x00007ff836f42000 	C:\WINDOWS\SYSTEM32\dbgcore.DLL
0x00007ff85a520000 - 0x00007ff85a59b000 	C:\WINDOWS\System32\bcryptPrimitives.dll
0x00007ff8541f0000 - 0x00007ff854219000 	C:\Program Files\Android\Android Studio\jre\bin\java.dll
0x00007ff856b70000 - 0x00007ff856b7b000 	C:\Program Files\Android\Android Studio\jre\bin\jimage.dll
0x00007ff8477d0000 - 0x00007ff8477e8000 	C:\Program Files\Android\Android Studio\jre\bin\zip.dll

dbghelp: loaded successfully - version: 4.0.5 - missing functions: none
symbol engine: initialized successfully - sym options: 0x614 - pdb path: .;C:\Program Files\Android\Android Studio\jre\bin;C:\WINDOWS\SYSTEM32;C:\WINDOWS\WinSxS\amd64_microsoft.windows.common-controls_6595b64144ccf1df_6.0.22621.3672_none_2713b9d173822955;C:\Program Files\Android\Android Studio\jre\bin\server

VM Arguments:
java_command: git4idea.http.GitAskPassApp Username for 'https://github.com': 
java_class_path (initial): C:/Program Files/Android/Android Studio/plugins/git4idea/lib/git4idea-rt.jar;C:/Program Files/Android/Android Studio/lib/3rd-party.jar;C:/Program Files/Android/Android Studio/lib/3rd-party-rt.jar
Launcher Type: SUN_STANDARD

[Global flags]
     intx CICompilerCount                          = 12                                        {product} {ergonomic}
     uint ConcGCThreads                            = 4                                         {product} {ergonomic}
     uint G1ConcRefinementThreads                  = 15                                        {product} {ergonomic}
   size_t G1HeapRegionSize                         = 1048576                                   {product} {ergonomic}
    uintx GCDrainStackTargetSize                   = 64                                        {product} {ergonomic}
   size_t InitialHeapSize                          = 264241152                                 {product} {ergonomic}
   size_t MarkStackSize                            = 4194304                                   {product} {ergonomic}
   size_t MaxHeapSize                              = 4219469824                                {product} {ergonomic}
   size_t MinHeapDeltaBytes                        = 1048576                                   {product} {ergonomic}
    uintx NonNMethodCodeHeapSize                   = 7594288                                {pd product} {ergonomic}
    uintx NonProfiledCodeHeapSize                  = 122031976                              {pd product} {ergonomic}
    uintx ProfiledCodeHeapSize                     = 122031976                              {pd product} {ergonomic}
    uintx ReservedCodeCacheSize                    = 251658240                              {pd product} {ergonomic}
     bool SegmentedCodeCache                       = true                                      {product} {ergonomic}
     bool UseCompressedClassPointers               = true                                 {lp64_product} {ergonomic}
     bool UseCompressedOops                        = true                                 {lp64_product} {ergonomic}
     bool UseG1GC                                  = true                                      {product} {ergonomic}
     bool UseLargePagesIndividualAllocation        = false                                  {pd product} {ergonomic}

Logging:
Log output configuration:
 #0: stdout all=warning uptime,level,tags
 #1: stderr all=off uptime,level,tags

Environment Variables:
PATH=C:/Program Files/Git/mingw64/libexec/git-core;C:/Program Files/Git/mingw64/libexec/git-core;C:\Program Files\Git\mingw64\bin;C:\Program Files\Git\usr\bin;C:\Users\pky31\bin;C:\Program Files (x86)\Common Files\Oracle\Java\javapath;C:\Users\pky31\flutterfile\flutter\;C:\Windows\system32;C:\Windows;C:\Windows\System32\Wbem;C:\Windows\System32\WindowsPowerShell\v1.0\;C:\Windows\System32\OpenSSH\;C:\Program Files (x86)\NVIDIA Corporation\PhysX\Common;C:\Program Files\NVIDIA Corporation\NVIDIA NvDLISR;C:\Program Files\Git\cmd;C:\Program Files\PuTTY\;C:\WINDOWS\system32;C:\WINDOWS;C:\WINDOWS\System32\Wbem;C:\WINDOWS\System32\WindowsPowerShell\v1.0\;C:\WINDOWS\System32\OpenSSH\;C:\Users\pky31\flutterfile\flutter\bin\;C:\Program Files\Common Files\Autodesk Shared\;C:\Program Files\Microsoft SQL Server\150\Tools\Binn\;C:\Users\pky31\AppData\Local\Microsoft\WindowsApps;C:\Program Files\JetBrains\IntelliJ IDEA 2022.3.1\bin;C:\Users\pky31\AppData\Local\Programs\Microsoft VS Code\bin;C:\Program Files\JetBrains\PyCharm 2022.3.1\bin;C:\Users\pky31\AppData\Local\GitHubDesktop\bin
USERNAME=pky31
DISPLAY=:0.0
LC_ALL=en_US.UTF-8
OS=Windows_NT
PROCESSOR_IDENTIFIER=Intel64 Family 6 Model 154 Stepping 3, GenuineIntel



---------------  S Y S T E M  ---------------

OS: Windows 11 , 64 bit Build 22621 (10.0.22621.3672)
OS uptime: 7 days 12:07 hours

CPU:total 20 (initial active 20) (10 cores per cpu, 2 threads per core) family 6 model 154 stepping 3 microcode 0x420, cmov, cx8, fxsr, mmx, sse, sse2, sse3, ssse3, sse4.1, sse4.2, popcnt, avx, avx2, aes, clmul, erms, 3dnowpref, lzcnt, ht, tsc, tscinvbit, bmi1, bmi2, adx, sha, fma

Memory: 4k page, system-wide physical 16088M (1183M free)
TotalPageFile size 65240M (AvailPageFile size 245M)
current process WorkingSet (physical memory assigned to process): 11M, peak: 11M
current process commit charge ("private bytes"): 76M, peak: 327M

vm_info: OpenJDK 64-Bit Server VM (11.0.13+0-b1751.21-8125866) for windows-amd64 JRE (11.0.13+0-b1751.21-8125866), built on Feb  2 2022 03:00:22 by "builder" with MS VC++ 14.0 (VS2015)

END.
